<?xml version="1.0" encoding="UTF-8"?>
<!-- Generated by org.testng.reporters.JUnitReportReporter -->
<testsuite hostname="MOHANK-WIN10" failures="0" tests="1" name="pack1.Cl11" time="3.177" errors="0" timestamp="2024-07-19T16:44:05 IST" skipped="0">
  <testcase classname="pack1.Cl11" name="tezt" time="3.177"/>
  <system-out/>
</testsuite> <!-- pack1.Cl11 -->
