<?xml version="1.0" encoding="UTF-8"?>
<!-- Generated by org.testng.reporters.JUnitReportReporter -->
<testsuite hostname="MOHANK-WIN10" failures="0" tests="1" name="pack1.Link" time="35.413" errors="0" timestamp="2024-07-19T16:25:06 IST" skipped="0">
  <testcase classname="pack1.Link" name="link" time="35.413"/>
  <system-out/>
</testsuite> <!-- pack1.Link -->
