<?xml version="1.0" encoding="UTF-8"?>
<!-- Generated by org.testng.reporters.JUnitReportReporter -->
<testsuite hostname="MOHANK-WIN10" failures="0" tests="1" name="pack1.Cl11" time="0.000" errors="0" timestamp="2024-07-15T22:09:13 IST" skipped="1">
  <testcase classname="pack1.Cl11" name="tezt" time="0.000">
    <skipped/>
  </testcase> <!-- tezt -->
  <system-out/>
</testsuite> <!-- pack1.Cl11 -->
