<?xml version="1.0" encoding="UTF-8"?>
<!-- Generated by org.testng.reporters.JUnitReportReporter -->
<testsuite hostname="MOHANK-WIN10" failures="0" tests="1" name="pack1.Cl11" time="6.153" errors="0" timestamp="2024-07-15T22:42:22 IST" skipped="0">
  <testcase classname="pack1.Cl11" name="tezt" time="6.153"/>
  <system-out/>
</testsuite> <!-- pack1.Cl11 -->
