<?xml version="1.0" encoding="UTF-8"?>
<!-- Generated by org.testng.reporters.JUnitReportReporter -->
<testsuite hostname="MOHANK-WIN10" failures="0" tests="1" name="pack1.Reading_data_from_excel" time="0.997" errors="0" timestamp="2024-07-22T13:08:24 IST" skipped="0">
  <testcase classname="pack1.Reading_data_from_excel" name="excel" time="0.997"/>
  <system-out/>
</testsuite> <!-- pack1.Reading_data_from_excel -->
