<?xml version="1.0" encoding="UTF-8"?>
<!-- Generated by org.testng.reporters.JUnitReportReporter -->
<testsuite hostname="MOHANK-WIN10" failures="0" tests="1" name="pack1.Mouze_action" time="4.049" errors="0" timestamp="2024-07-16T22:51:30 IST" skipped="0">
  <testcase classname="pack1.Mouze_action" name="mouze" time="4.049"/>
  <system-out/>
</testsuite> <!-- pack1.Mouze_action -->
